Base path: C:/Program Files (x86)/Unity/Editor/Data
Pipe name: \\.\pipe\UnityShaderCompiler-1-4316
Cmd: getPlatforms
Cmd: preprocess
  insize=4716 outsize=806 ok=1
Cmd: compileSnippet
  api=4 type=0 insize=636 outsize=1103 kw= ok=1
Cmd: compileSnippet
  api=4 type=1 insize=636 outsize=437 kw= ok=1
Cmd: compileSnippet
  api=4 type=0 insize=3880 outsize=1640 kw=QUALITY_HIGH OCTAVES_4 SCATTERING_ON ok=1
Cmd: compileSnippet
  api=4 type=1 insize=3880 outsize=9407 kw=QUALITY_HIGH OCTAVES_4 SCATTERING_ON ok=1
Cmd: compileSnippet
  api=4 type=0 insize=3880 outsize=1640 kw=OCTAVES_4 SCATTERING_ON QUALITY_LOW ok=1
Cmd: compileSnippet
  api=4 type=1 insize=3880 outsize=9407 kw=OCTAVES_4 SCATTERING_ON QUALITY_LOW ok=1
Cmd: compileSnippet
  api=4 type=0 insize=3880 outsize=1640 kw=QUALITY_HIGH SCATTERING_ON OCTAVES_5 ok=1
Cmd: compileSnippet
  api=4 type=1 insize=3880 outsize=10723 kw=QUALITY_HIGH SCATTERING_ON OCTAVES_5 ok=1
